D:\DOCUMENTS\VISUAL STUDIO 2010\PROJECTS\LAB\DEBUG\LAB.EXE
D:\DOCUMENTS\VISUAL STUDIO 2010\PROJECTS\LAB\DEBUG\LAB.ILK
D:\DOCUMENTS\VISUAL STUDIO 2010\PROJECTS\LAB\DEBUG\LAB.PDB
D:\DOCUMENTS\VISUAL STUDIO 2010\PROJECTS\LAB\LAB\DEBUG\CIRCLE.OBJ
d:\documents\visual studio 2010\Projects\Lab\Lab\Debug\cl.command.1.tlog
d:\documents\visual studio 2010\Projects\Lab\Lab\Debug\CL.read.1.tlog
d:\documents\visual studio 2010\Projects\Lab\Lab\Debug\CL.write.1.tlog
D:\DOCUMENTS\VISUAL STUDIO 2010\PROJECTS\LAB\LAB\DEBUG\COLOR.OBJ
D:\DOCUMENTS\VISUAL STUDIO 2010\PROJECTS\LAB\LAB\DEBUG\DELTA.OBJ
D:\DOCUMENTS\VISUAL STUDIO 2010\PROJECTS\LAB\LAB\DEBUG\LAB.EXE.EMBED.MANIFEST
D:\DOCUMENTS\VISUAL STUDIO 2010\PROJECTS\LAB\LAB\DEBUG\LAB.EXE.EMBED.MANIFEST.RES
D:\DOCUMENTS\VISUAL STUDIO 2010\PROJECTS\LAB\LAB\DEBUG\LAB.EXE.INTERMEDIATE.MANIFEST
d:\documents\visual studio 2010\Projects\Lab\Lab\Debug\Lab_manifest.rc
d:\documents\visual studio 2010\Projects\Lab\Lab\Debug\link.command.1.tlog
d:\documents\visual studio 2010\Projects\Lab\Lab\Debug\link.read.1.tlog
d:\documents\visual studio 2010\Projects\Lab\Lab\Debug\link.write.1.tlog
d:\documents\visual studio 2010\Projects\Lab\Lab\Debug\link-cvtres.read.1.tlog
d:\documents\visual studio 2010\Projects\Lab\Lab\Debug\link-cvtres.write.1.tlog
D:\DOCUMENTS\VISUAL STUDIO 2010\PROJECTS\LAB\LAB\DEBUG\MAIN.OBJ
d:\documents\visual studio 2010\Projects\Lab\Lab\Debug\mt.command.1.tlog
d:\documents\visual studio 2010\Projects\Lab\Lab\Debug\mt.read.1.tlog
d:\documents\visual studio 2010\Projects\Lab\Lab\Debug\mt.write.1.tlog
D:\DOCUMENTS\VISUAL STUDIO 2010\PROJECTS\LAB\LAB\DEBUG\POINT.OBJ
d:\documents\visual studio 2010\Projects\Lab\Lab\Debug\rc.command.1.tlog
d:\documents\visual studio 2010\Projects\Lab\Lab\Debug\rc.read.1.tlog
d:\documents\visual studio 2010\Projects\Lab\Lab\Debug\rc.write.1.tlog
D:\DOCUMENTS\VISUAL STUDIO 2010\PROJECTS\LAB\LAB\DEBUG\SQUARENESS.OBJ
d:\documents\visual studio 2010\Projects\Lab\Lab\Debug\vc100.idb
D:\DOCUMENTS\VISUAL STUDIO 2010\PROJECTS\LAB\LAB\DEBUG\VC100.PDB
