D:\DOCUMENTS\VISUAL STUDIO 2010\PROJECTS\JWGL\DEBUG\JWGL.EXE
D:\DOCUMENTS\VISUAL STUDIO 2010\PROJECTS\JWGL\DEBUG\JWGL.ILK
D:\DOCUMENTS\VISUAL STUDIO 2010\PROJECTS\JWGL\DEBUG\JWGL.PDB
D:\DOCUMENTS\VISUAL STUDIO 2010\PROJECTS\JWGL\JWGL\DEBUG\BGADDSTUDENTUSER.OBJ
D:\DOCUMENTS\VISUAL STUDIO 2010\PROJECTS\JWGL\JWGL\DEBUG\BGADDTEACHERUSER.OBJ
D:\DOCUMENTS\VISUAL STUDIO 2010\PROJECTS\JWGL\JWGL\DEBUG\BGMODIFYSTUDENTINFORMATION.OBJ
D:\DOCUMENTS\VISUAL STUDIO 2010\PROJECTS\JWGL\JWGL\DEBUG\BGMODIFYTEACHERINFOEMATION.OBJ
D:\DOCUMENTS\VISUAL STUDIO 2010\PROJECTS\JWGL\JWGL\DEBUG\BGPAGE1.OBJ
D:\DOCUMENTS\VISUAL STUDIO 2010\PROJECTS\JWGL\JWGL\DEBUG\BGPAGE2.OBJ
D:\DOCUMENTS\VISUAL STUDIO 2010\PROJECTS\JWGL\JWGL\DEBUG\BGPAGE3.OBJ
D:\DOCUMENTS\VISUAL STUDIO 2010\PROJECTS\JWGL\JWGL\DEBUG\BGPAGE4.OBJ
D:\DOCUMENTS\VISUAL STUDIO 2010\PROJECTS\JWGL\JWGL\DEBUG\BGPAGE5.OBJ
D:\DOCUMENTS\VISUAL STUDIO 2010\PROJECTS\JWGL\JWGL\DEBUG\BGSEARCHSDFUZZY.OBJ
D:\DOCUMENTS\VISUAL STUDIO 2010\PROJECTS\JWGL\JWGL\DEBUG\BGSEARCHTCFUZZY.OBJ
D:\DOCUMENTS\VISUAL STUDIO 2010\PROJECTS\JWGL\JWGL\DEBUG\BGSEESTUDENTINFORMATION.OBJ
D:\DOCUMENTS\VISUAL STUDIO 2010\PROJECTS\JWGL\JWGL\DEBUG\BGSEETEACHERINFORMATION.OBJ
D:\DOCUMENTS\VISUAL STUDIO 2010\PROJECTS\JWGL\JWGL\DEBUG\BGSTAT.OBJ
D:\DOCUMENTS\VISUAL STUDIO 2010\PROJECTS\JWGL\JWGL\DEBUG\BGWINDOW.OBJ
D:\Documents\Visual Studio 2010\Projects\JWGL\JWGL\Debug\cl.command.1.tlog
D:\Documents\Visual Studio 2010\Projects\JWGL\JWGL\Debug\CL.read.1.tlog
D:\Documents\Visual Studio 2010\Projects\JWGL\JWGL\Debug\CL.write.1.tlog
D:\DOCUMENTS\VISUAL STUDIO 2010\PROJECTS\JWGL\JWGL\DEBUG\JWGL.EXE.EMBED.MANIFEST
D:\DOCUMENTS\VISUAL STUDIO 2010\PROJECTS\JWGL\JWGL\DEBUG\JWGL.EXE.EMBED.MANIFEST.RES
D:\DOCUMENTS\VISUAL STUDIO 2010\PROJECTS\JWGL\JWGL\DEBUG\JWGL.EXE.INTERMEDIATE.MANIFEST
D:\DOCUMENTS\VISUAL STUDIO 2010\PROJECTS\JWGL\JWGL\DEBUG\JWGL.OBJ
D:\DOCUMENTS\VISUAL STUDIO 2010\PROJECTS\JWGL\JWGL\DEBUG\JWGL.PCH
D:\DOCUMENTS\VISUAL STUDIO 2010\PROJECTS\JWGL\JWGL\DEBUG\JWGL.RES
D:\Documents\Visual Studio 2010\Projects\JWGL\JWGL\Debug\JWGL_manifest.rc
D:\DOCUMENTS\VISUAL STUDIO 2010\PROJECTS\JWGL\JWGL\DEBUG\JWGLDLG.OBJ
D:\Documents\Visual Studio 2010\Projects\JWGL\JWGL\Debug\link.command.1.tlog
D:\Documents\Visual Studio 2010\Projects\JWGL\JWGL\Debug\link.read.1.tlog
D:\Documents\Visual Studio 2010\Projects\JWGL\JWGL\Debug\link.write.1.tlog
D:\Documents\Visual Studio 2010\Projects\JWGL\JWGL\Debug\link-cvtres.read.1.tlog
D:\Documents\Visual Studio 2010\Projects\JWGL\JWGL\Debug\link-cvtres.write.1.tlog
D:\Documents\Visual Studio 2010\Projects\JWGL\JWGL\Debug\mt.command.1.tlog
D:\Documents\Visual Studio 2010\Projects\JWGL\JWGL\Debug\mt.read.1.tlog
D:\Documents\Visual Studio 2010\Projects\JWGL\JWGL\Debug\mt.write.1.tlog
D:\Documents\Visual Studio 2010\Projects\JWGL\JWGL\Debug\rc.command.1.tlog
D:\Documents\Visual Studio 2010\Projects\JWGL\JWGL\Debug\rc.read.1.tlog
D:\Documents\Visual Studio 2010\Projects\JWGL\JWGL\Debug\rc.write.1.tlog
D:\DOCUMENTS\VISUAL STUDIO 2010\PROJECTS\JWGL\JWGL\DEBUG\SDMODIFYSDPASSWORD.OBJ
D:\DOCUMENTS\VISUAL STUDIO 2010\PROJECTS\JWGL\JWGL\DEBUG\STDAFX.OBJ
D:\DOCUMENTS\VISUAL STUDIO 2010\PROJECTS\JWGL\JWGL\DEBUG\STUDENTMESSAGEFORTEACHERWINDOW.OBJ
D:\DOCUMENTS\VISUAL STUDIO 2010\PROJECTS\JWGL\JWGL\DEBUG\STUDENTPAGE1.OBJ
D:\DOCUMENTS\VISUAL STUDIO 2010\PROJECTS\JWGL\JWGL\DEBUG\STUDENTPAGE2.OBJ
D:\DOCUMENTS\VISUAL STUDIO 2010\PROJECTS\JWGL\JWGL\DEBUG\STUDENTPAGE3.OBJ
D:\DOCUMENTS\VISUAL STUDIO 2010\PROJECTS\JWGL\JWGL\DEBUG\STUDENTPAGE4.OBJ
D:\DOCUMENTS\VISUAL STUDIO 2010\PROJECTS\JWGL\JWGL\DEBUG\STUDENTWINDOW.OBJ
D:\DOCUMENTS\VISUAL STUDIO 2010\PROJECTS\JWGL\JWGL\DEBUG\TEACHERADDCOURSEWINDOW.OBJ
D:\DOCUMENTS\VISUAL STUDIO 2010\PROJECTS\JWGL\JWGL\DEBUG\TEACHERMESSAGEFORSTUDENTWINDOW.OBJ
D:\DOCUMENTS\VISUAL STUDIO 2010\PROJECTS\JWGL\JWGL\DEBUG\TEACHERMODIFYPASSWORD.OBJ
D:\DOCUMENTS\VISUAL STUDIO 2010\PROJECTS\JWGL\JWGL\DEBUG\TEACHERPAGE1.OBJ
D:\DOCUMENTS\VISUAL STUDIO 2010\PROJECTS\JWGL\JWGL\DEBUG\TEACHERPAGE2.OBJ
D:\DOCUMENTS\VISUAL STUDIO 2010\PROJECTS\JWGL\JWGL\DEBUG\TEACHERPAGE3.OBJ
D:\DOCUMENTS\VISUAL STUDIO 2010\PROJECTS\JWGL\JWGL\DEBUG\TEACHERPAGE4.OBJ
D:\DOCUMENTS\VISUAL STUDIO 2010\PROJECTS\JWGL\JWGL\DEBUG\TEACHERSCOREADD.OBJ
D:\DOCUMENTS\VISUAL STUDIO 2010\PROJECTS\JWGL\JWGL\DEBUG\TEACHERSCOREMODIFY.OBJ
D:\DOCUMENTS\VISUAL STUDIO 2010\PROJECTS\JWGL\JWGL\DEBUG\TEACHERSCORESEARCH.OBJ
D:\DOCUMENTS\VISUAL STUDIO 2010\PROJECTS\JWGL\JWGL\DEBUG\TEACHERSCORESEE.OBJ
D:\DOCUMENTS\VISUAL STUDIO 2010\PROJECTS\JWGL\JWGL\DEBUG\TEACHERWINDOW.OBJ
D:\DOCUMENTS\VISUAL STUDIO 2010\PROJECTS\JWGL\JWGL\DEBUG\TIP1.OBJ
D:\DOCUMENTS\VISUAL STUDIO 2010\PROJECTS\JWGL\JWGL\DEBUG\TIP2.OBJ
D:\DOCUMENTS\VISUAL STUDIO 2010\PROJECTS\JWGL\JWGL\DEBUG\TIP3.OBJ
D:\Documents\Visual Studio 2010\Projects\JWGL\JWGL\Debug\vc100.idb
D:\DOCUMENTS\VISUAL STUDIO 2010\PROJECTS\JWGL\JWGL\DEBUG\VC100.PDB
