D:\DOCUMENTS\VISUAL STUDIO 2010\PROJECTS\SORT\DEBUG\SORT.EXE
D:\DOCUMENTS\VISUAL STUDIO 2010\PROJECTS\SORT\DEBUG\SORT.ILK
D:\DOCUMENTS\VISUAL STUDIO 2010\PROJECTS\SORT\DEBUG\SORT.PDB
D:\DOCUMENTS\VISUAL STUDIO 2010\PROJECTS\SORT\SORT\DEBUG\BINSERTSORT.OBJ
D:\DOCUMENTS\VISUAL STUDIO 2010\PROJECTS\SORT\SORT\DEBUG\BUBBLESORT.OBJ
D:\Documents\Visual Studio 2010\Projects\Sort\Sort\Debug\cl.command.1.tlog
D:\Documents\Visual Studio 2010\Projects\Sort\Sort\Debug\CL.read.1.tlog
D:\Documents\Visual Studio 2010\Projects\Sort\Sort\Debug\CL.write.1.tlog
D:\DOCUMENTS\VISUAL STUDIO 2010\PROJECTS\SORT\SORT\DEBUG\HEAPSORT.OBJ
D:\DOCUMENTS\VISUAL STUDIO 2010\PROJECTS\SORT\SORT\DEBUG\INSERTSORT.OBJ
D:\Documents\Visual Studio 2010\Projects\Sort\Sort\Debug\link.command.1.tlog
D:\Documents\Visual Studio 2010\Projects\Sort\Sort\Debug\link.read.1.tlog
D:\Documents\Visual Studio 2010\Projects\Sort\Sort\Debug\link.write.1.tlog
D:\DOCUMENTS\VISUAL STUDIO 2010\PROJECTS\SORT\SORT\DEBUG\LIST.OBJ
D:\DOCUMENTS\VISUAL STUDIO 2010\PROJECTS\SORT\SORT\DEBUG\MAIN.OBJ
D:\DOCUMENTS\VISUAL STUDIO 2010\PROJECTS\SORT\SORT\DEBUG\MERGESORT.OBJ
D:\Documents\Visual Studio 2010\Projects\Sort\Sort\Debug\mt.command.1.tlog
D:\Documents\Visual Studio 2010\Projects\Sort\Sort\Debug\mt.read.1.tlog
D:\Documents\Visual Studio 2010\Projects\Sort\Sort\Debug\mt.write.1.tlog
D:\DOCUMENTS\VISUAL STUDIO 2010\PROJECTS\SORT\SORT\DEBUG\QUITSORT.OBJ
D:\DOCUMENTS\VISUAL STUDIO 2010\PROJECTS\SORT\SORT\DEBUG\SELECTSORT.OBJ
D:\DOCUMENTS\VISUAL STUDIO 2010\PROJECTS\SORT\SORT\DEBUG\SHELLSORT.OBJ
D:\DOCUMENTS\VISUAL STUDIO 2010\PROJECTS\SORT\SORT\DEBUG\SORT.EXE.INTERMEDIATE.MANIFEST
D:\Documents\Visual Studio 2010\Projects\Sort\Sort\Debug\vc100.idb
D:\DOCUMENTS\VISUAL STUDIO 2010\PROJECTS\SORT\SORT\DEBUG\VC100.PDB
