D:\DOCUMENTS\VISUAL STUDIO 2010\PROJECTS\GREED_AND_DYNAMICPROGRAM\DEBUG\GREED_AND_DYNAMICPROGRAM.EXE
D:\DOCUMENTS\VISUAL STUDIO 2010\PROJECTS\GREED_AND_DYNAMICPROGRAM\DEBUG\GREED_AND_DYNAMICPROGRAM.ILK
D:\DOCUMENTS\VISUAL STUDIO 2010\PROJECTS\GREED_AND_DYNAMICPROGRAM\DEBUG\GREED_AND_DYNAMICPROGRAM.PDB
D:\Documents\Visual Studio 2010\Projects\Greed_And_DynamicProgram\Greed_And_DynamicProgram\Debug\cl.command.1.tlog
D:\Documents\Visual Studio 2010\Projects\Greed_And_DynamicProgram\Greed_And_DynamicProgram\Debug\CL.read.1.tlog
D:\Documents\Visual Studio 2010\Projects\Greed_And_DynamicProgram\Greed_And_DynamicProgram\Debug\CL.write.1.tlog
D:\DOCUMENTS\VISUAL STUDIO 2010\PROJECTS\GREED_AND_DYNAMICPROGRAM\GREED_AND_DYNAMICPROGRAM\DEBUG\DP_CARRUN.OBJ
D:\DOCUMENTS\VISUAL STUDIO 2010\PROJECTS\GREED_AND_DYNAMICPROGRAM\GREED_AND_DYNAMICPROGRAM\DEBUG\DP_SELECAD.OBJ
D:\DOCUMENTS\VISUAL STUDIO 2010\PROJECTS\GREED_AND_DYNAMICPROGRAM\GREED_AND_DYNAMICPROGRAM\DEBUG\GREED_01BAG.OBJ
D:\DOCUMENTS\VISUAL STUDIO 2010\PROJECTS\GREED_AND_DYNAMICPROGRAM\GREED_AND_DYNAMICPROGRAM\DEBUG\GREED_ADDGAS.OBJ
D:\DOCUMENTS\VISUAL STUDIO 2010\PROJECTS\GREED_AND_DYNAMICPROGRAM\GREED_AND_DYNAMICPROGRAM\DEBUG\GREED_AND_DYNAMICPROGRAM.EXE.INTERMEDIATE.MANIFEST
D:\Documents\Visual Studio 2010\Projects\Greed_And_DynamicProgram\Greed_And_DynamicProgram\Debug\link.command.1.tlog
D:\Documents\Visual Studio 2010\Projects\Greed_And_DynamicProgram\Greed_And_DynamicProgram\Debug\link.read.1.tlog
D:\Documents\Visual Studio 2010\Projects\Greed_And_DynamicProgram\Greed_And_DynamicProgram\Debug\link.write.1.tlog
D:\DOCUMENTS\VISUAL STUDIO 2010\PROJECTS\GREED_AND_DYNAMICPROGRAM\GREED_AND_DYNAMICPROGRAM\DEBUG\MAIN.OBJ
D:\Documents\Visual Studio 2010\Projects\Greed_And_DynamicProgram\Greed_And_DynamicProgram\Debug\mt.command.1.tlog
D:\Documents\Visual Studio 2010\Projects\Greed_And_DynamicProgram\Greed_And_DynamicProgram\Debug\mt.read.1.tlog
D:\Documents\Visual Studio 2010\Projects\Greed_And_DynamicProgram\Greed_And_DynamicProgram\Debug\mt.write.1.tlog
D:\Documents\Visual Studio 2010\Projects\Greed_And_DynamicProgram\Greed_And_DynamicProgram\Debug\vc100.idb
D:\DOCUMENTS\VISUAL STUDIO 2010\PROJECTS\GREED_AND_DYNAMICPROGRAM\GREED_AND_DYNAMICPROGRAM\DEBUG\VC100.PDB
